<?xml version="1.0" encoding="UTF-8"?>
<testng-results ignored="0" total="0" passed="0" failed="0" skipped="0">
  <reporter-output>
  </reporter-output>
  <suite started-at="2020-11-12T17:30:48 CET" name="base.BaseTest" finished-at="2020-11-12T17:30:48 CET" duration-ms="15">
    <groups>
    </groups>
    <test started-at="2020-11-12T17:30:48 CET" name="Command line test" finished-at="2020-11-12T17:30:48 CET" duration-ms="15">
    </test> <!-- Command line test -->
  </suite> <!-- base.BaseTest -->
</testng-results>
